

================================================================
== Vitis HLS Report for 'Bits_stuffing_Pipeline_VITIS_LOOP_113_1'
================================================================
* Date:           Tue Dec 19 07:23:47 2023

* Version:        2023.2 (Build 4023990 on Oct 11 2023)
* Project:        FPGA_simulator_prj
* Solution:       solution1 (Vivado IP Flow Target)
* Product family: virtex7
* Target device:  xc7vx485t-ffg1157-1


================================================================
== Performance Estimates
================================================================
+ Timing: 
    * Summary: 
    +--------+----------+----------+------------+
    |  Clock |  Target  | Estimated| Uncertainty|
    +--------+----------+----------+------------+
    |ap_clk  |  10.00 ns|  5.811 ns|     2.70 ns|
    +--------+----------+----------+------------+

+ Latency: 
    * Summary: 
    +---------+---------+----------+----------+-----+-----+---------+
    |  Latency (cycles) |  Latency (absolute) |  Interval | Pipeline|
    |   min   |   max   |    min   |    max   | min | max |   Type  |
    +---------+---------+----------+----------+-----+-----+---------+
    |      170|      170|  1.700 us|  1.700 us|  170|  170|       no|
    +---------+---------+----------+----------+-----+-----+---------+

    + Detail: 
        * Instance: 
        N/A

        * Loop: 
        +--------------------+---------+---------+----------+-----------+-----------+------+----------+
        |                    |  Latency (cycles) | Iteration|  Initiation Interval  | Trip |          |
        |      Loop Name     |   min   |   max   |  Latency |  achieved |   target  | Count| Pipelined|
        +--------------------+---------+---------+----------+-----------+-----------+------+----------+
        |- VITIS_LOOP_113_1  |      168|      168|         1|          1|          1|   168|       yes|
        +--------------------+---------+---------+----------+-----------+-----------+------+----------+

============================================================
+ Verbose Summary: Synthesis Manager
============================================================
InlineROM: 1
ExposeGlobal: 0
============================================================
+ Verbose Summary: CDFG Model
============================================================
IsTopModel: 0
ResetActiveHigh: 1
IsCombinational: 0
IsDatapathOnly: 0
HasWiredReturn: 1
HasMFsm: 2
HasVarLatency: 1
IsPipeline: 0
IsRtlPipelined: 0
IsInstanceOverlapped: 0
IsDontTouch: 0
HasImplIP: 0
IsGatedGlobalClock: 0

+ Individual pipeline summary: 
  * Pipeline-0: initiation interval (II) = 1, depth = 2


============================================================
+ Verbose Summary: Schedule
============================================================
* Number of FSM states : 2
* Pipeline : 1
  Pipeline-0 : II = 1, D = 2, States = { 1 2 }
* Dataflow Pipeline: 0

* FSM state transitions: 
1 --> 2 
2 --> 

* FSM state operations: 

State 1 <SV = 0> <Delay = 1.03>
ST_1 : Operation 4 [1/1] (0.00ns)   --->   "%new_data = alloca i32 1" [emitter.cpp:105->emitter.cpp:503]   --->   Operation 4 'alloca' 'new_data' <Predicate = true> <Delay = 0.00>
ST_1 : Operation 5 [1/1] (0.00ns)   --->   "%bits_stuffed_data = alloca i32 1" [emitter.cpp:109->emitter.cpp:503]   --->   Operation 5 'alloca' 'bits_stuffed_data' <Predicate = true> <Delay = 0.00>
ST_1 : Operation 6 [1/1] (0.00ns)   --->   "%i = alloca i32 1" [emitter.cpp:113->emitter.cpp:503]   --->   Operation 6 'alloca' 'i' <Predicate = true> <Delay = 0.00>
ST_1 : Operation 7 [1/1] (0.00ns)   --->   "%j = alloca i32 1" [emitter.cpp:108->emitter.cpp:503]   --->   Operation 7 'alloca' 'j' <Predicate = true> <Delay = 0.00>
ST_1 : Operation 8 [1/1] (0.00ns)   --->   "%compter = alloca i32 1" [emitter.cpp:103->emitter.cpp:503]   --->   Operation 8 'alloca' 'compter' <Predicate = true> <Delay = 0.00>
ST_1 : Operation 9 [1/1] (0.00ns)   --->   "%data_load_read = read i168 @_ssdm_op_Read.ap_auto.i168, i168 %data_load"   --->   Operation 9 'read' 'data_load_read' <Predicate = true> <Delay = 0.00>
ST_1 : Operation 10 [1/1] (1.03ns)   --->   "%store_ln103 = store i32 0, i32 %compter" [emitter.cpp:103->emitter.cpp:503]   --->   Operation 10 'store' 'store_ln103' <Predicate = true> <Delay = 1.03>
ST_1 : Operation 11 [1/1] (1.03ns)   --->   "%store_ln108 = store i32 177, i32 %j" [emitter.cpp:108->emitter.cpp:503]   --->   Operation 11 'store' 'store_ln108' <Predicate = true> <Delay = 1.03>
ST_1 : Operation 12 [1/1] (1.03ns)   --->   "%store_ln113 = store i9 167, i9 %i" [emitter.cpp:113->emitter.cpp:503]   --->   Operation 12 'store' 'store_ln113' <Predicate = true> <Delay = 1.03>
ST_1 : Operation 13 [1/1] (1.03ns)   --->   "%store_ln109 = store i8 0, i8 %bits_stuffed_data" [emitter.cpp:109->emitter.cpp:503]   --->   Operation 13 'store' 'store_ln109' <Predicate = true> <Delay = 1.03>
ST_1 : Operation 14 [1/1] (1.03ns)   --->   "%store_ln105 = store i178 0, i178 %new_data" [emitter.cpp:105->emitter.cpp:503]   --->   Operation 14 'store' 'store_ln105' <Predicate = true> <Delay = 1.03>
ST_1 : Operation 15 [1/1] (0.00ns)   --->   "%br_ln0 = br void %for.body.i"   --->   Operation 15 'br' 'br_ln0' <Predicate = true> <Delay = 0.00>

State 2 <SV = 1> <Delay = 5.81>
ST_2 : Operation 16 [1/1] (0.00ns)   --->   "%i_42 = load i9 %i" [emitter.cpp:113->emitter.cpp:503]   --->   Operation 16 'load' 'i_42' <Predicate = true> <Delay = 0.00>
ST_2 : Operation 17 [1/1] (0.00ns)   --->   "%tmp = bitselect i1 @_ssdm_op_BitSelect.i1.i9.i32, i9 %i_42, i32 8" [emitter.cpp:113->emitter.cpp:503]   --->   Operation 17 'bitselect' 'tmp' <Predicate = true> <Delay = 0.00>
ST_2 : Operation 18 [1/1] (0.00ns)   --->   "%br_ln113 = br i1 %tmp, void %for.body.split.i_ifconv, void %for.body22.i.preheader.exitStub" [emitter.cpp:113->emitter.cpp:503]   --->   Operation 18 'br' 'br_ln113' <Predicate = true> <Delay = 0.00>
ST_2 : Operation 19 [1/1] (0.00ns)   --->   "%new_data_load_3 = load i178 %new_data" [emitter.cpp:123->emitter.cpp:503]   --->   Operation 19 'load' 'new_data_load_3' <Predicate = (!tmp)> <Delay = 0.00>
ST_2 : Operation 20 [1/1] (0.00ns)   --->   "%bits_stuffed_data_load = load i8 %bits_stuffed_data" [emitter.cpp:128->emitter.cpp:503]   --->   Operation 20 'load' 'bits_stuffed_data_load' <Predicate = (!tmp)> <Delay = 0.00>
ST_2 : Operation 21 [1/1] (0.00ns)   --->   "%j_load = load i32 %j" [emitter.cpp:124->emitter.cpp:503]   --->   Operation 21 'load' 'j_load' <Predicate = (!tmp)> <Delay = 0.00>
ST_2 : Operation 22 [1/1] (0.00ns)   --->   "%compter_load = load i32 %compter" [emitter.cpp:117->emitter.cpp:503]   --->   Operation 22 'load' 'compter_load' <Predicate = (!tmp)> <Delay = 0.00>
ST_2 : Operation 23 [1/1] (0.00ns)   --->   "%zext_ln113 = zext i9 %i_42" [emitter.cpp:113->emitter.cpp:503]   --->   Operation 23 'zext' 'zext_ln113' <Predicate = (!tmp)> <Delay = 0.00>
ST_2 : Operation 24 [1/1] (0.00ns)   --->   "%specpipeline_ln105 = specpipeline void @_ssdm_op_SpecPipeline, i32 4294967295, i32 0, i32 0, i32 0, void @empty_8" [emitter.cpp:105->emitter.cpp:503]   --->   Operation 24 'specpipeline' 'specpipeline_ln105' <Predicate = (!tmp)> <Delay = 0.00>
ST_2 : Operation 25 [1/1] (0.00ns)   --->   "%speclooptripcount_ln105 = speclooptripcount void @_ssdm_op_SpecLoopTripCount, i64 168, i64 168, i64 168" [emitter.cpp:105->emitter.cpp:503]   --->   Operation 25 'speclooptripcount' 'speclooptripcount_ln105' <Predicate = (!tmp)> <Delay = 0.00>
ST_2 : Operation 26 [1/1] (0.00ns)   --->   "%specloopname_ln113 = specloopname void @_ssdm_op_SpecLoopName, void @empty_44" [emitter.cpp:113->emitter.cpp:503]   --->   Operation 26 'specloopname' 'specloopname_ln113' <Predicate = (!tmp)> <Delay = 0.00>
ST_2 : Operation 27 [1/1] (0.00ns)   --->   "%bit_select_i_i_i = bitselect i1 @_ssdm_op_BitSelect.i1.i168.i32, i168 %data_load_read, i32 %zext_ln113" [emitter.cpp:115->emitter.cpp:503]   --->   Operation 27 'bitselect' 'bit_select_i_i_i' <Predicate = (!tmp)> <Delay = 0.00>
ST_2 : Operation 28 [1/1] (1.63ns)   --->   "%compter_4 = add i32 %compter_load, i32 1" [emitter.cpp:117->emitter.cpp:503]   --->   Operation 28 'add' 'compter_4' <Predicate = (!tmp)> <Delay = 1.63> <CoreInst = "Adder">   --->   Core 1 'Adder' <Latency = 0> <II = 1> <Delay = 1.63> <FuncUnit> <Opcode : 'add' 'sub'> <InPorts = 2> <OutPorts = 1>
ST_2 : Operation 29 [1/1] (0.61ns)   --->   "%compter_5 = select i1 %bit_select_i_i_i, i32 %compter_4, i32 0" [emitter.cpp:115->emitter.cpp:503]   --->   Operation 29 'select' 'compter_5' <Predicate = (!tmp)> <Delay = 0.61> <CoreInst = "Sel">   --->   Core 73 'Sel' <Latency = 0> <II = 1> <Delay = 0.61> <FuncUnit> <Opcode : 'select'> <InPorts = 3> <OutPorts = 1>
ST_2 : Operation 30 [1/1] (0.00ns)   --->   "%new_data_5 = bitset i178 @_ssdm_op_BitSet.i178.i178.i32.i1, i178 %new_data_load_3, i32 %j_load, i1 %bit_select_i_i_i" [emitter.cpp:123->emitter.cpp:503]   --->   Operation 30 'bitset' 'new_data_5' <Predicate = (!tmp)> <Delay = 0.00>
ST_2 : Operation 31 [1/1] (1.63ns)   --->   "%j_4 = add i32 %j_load, i32 4294967295" [emitter.cpp:124->emitter.cpp:503]   --->   Operation 31 'add' 'j_4' <Predicate = (!tmp)> <Delay = 1.63> <CoreInst = "Adder">   --->   Core 1 'Adder' <Latency = 0> <II = 1> <Delay = 1.63> <FuncUnit> <Opcode : 'add' 'sub'> <InPorts = 2> <OutPorts = 1>
ST_2 : Operation 32 [1/1] (1.63ns)   --->   "%icmp_ln125 = icmp_eq  i32 %compter_5, i32 5" [emitter.cpp:125->emitter.cpp:503]   --->   Operation 32 'icmp' 'icmp_ln125' <Predicate = (!tmp)> <Delay = 1.63> <CoreInst = "Cmp">   --->   Core 9 'Cmp' <Latency = 0> <II = 1> <Delay = 1.63> <FuncUnit> <Opcode : 'icmp'> <InPorts = 2> <OutPorts = 1>
ST_2 : Operation 33 [1/1] (0.00ns)   --->   "%new_data_6 = bitset i178 @_ssdm_op_BitSet.i178.i178.i32.i1, i178 %new_data_5, i32 %j_4, i1 0" [emitter.cpp:127->emitter.cpp:503]   --->   Operation 33 'bitset' 'new_data_6' <Predicate = (!tmp)> <Delay = 0.00>
ST_2 : Operation 34 [1/1] (1.39ns)   --->   "%bits_stuffed_data_1 = add i8 %bits_stuffed_data_load, i8 1" [emitter.cpp:128->emitter.cpp:503]   --->   Operation 34 'add' 'bits_stuffed_data_1' <Predicate = (!tmp)> <Delay = 1.39> <CoreInst = "Adder">   --->   Core 1 'Adder' <Latency = 0> <II = 1> <Delay = 1.39> <FuncUnit> <Opcode : 'add' 'sub'> <InPorts = 2> <OutPorts = 1>
ST_2 : Operation 35 [1/1] (1.63ns)   --->   "%j_5 = add i32 %j_load, i32 4294967294" [emitter.cpp:129->emitter.cpp:503]   --->   Operation 35 'add' 'j_5' <Predicate = (!tmp)> <Delay = 1.63> <CoreInst = "Adder">   --->   Core 1 'Adder' <Latency = 0> <II = 1> <Delay = 1.63> <FuncUnit> <Opcode : 'add' 'sub'> <InPorts = 2> <OutPorts = 1>
ST_2 : Operation 36 [1/1] (0.89ns)   --->   "%new_data_7 = select i1 %icmp_ln125, i178 %new_data_6, i178 %new_data_5" [emitter.cpp:125->emitter.cpp:503]   --->   Operation 36 'select' 'new_data_7' <Predicate = (!tmp)> <Delay = 0.89> <CoreInst = "Sel">   --->   Core 73 'Sel' <Latency = 0> <II = 1> <Delay = 0.89> <FuncUnit> <Opcode : 'select'> <InPorts = 3> <OutPorts = 1>
ST_2 : Operation 37 [1/1] (0.47ns)   --->   "%bits_stuffed_data_2 = select i1 %icmp_ln125, i8 %bits_stuffed_data_1, i8 %bits_stuffed_data_load" [emitter.cpp:125->emitter.cpp:503]   --->   Operation 37 'select' 'bits_stuffed_data_2' <Predicate = (!tmp)> <Delay = 0.47> <CoreInst = "Sel">   --->   Core 73 'Sel' <Latency = 0> <II = 1> <Delay = 0.47> <FuncUnit> <Opcode : 'select'> <InPorts = 3> <OutPorts = 1>
ST_2 : Operation 38 [1/1] (0.61ns)   --->   "%j_6 = select i1 %icmp_ln125, i32 %j_5, i32 %j_4" [emitter.cpp:125->emitter.cpp:503]   --->   Operation 38 'select' 'j_6' <Predicate = (!tmp)> <Delay = 0.61> <CoreInst = "Sel">   --->   Core 73 'Sel' <Latency = 0> <II = 1> <Delay = 0.61> <FuncUnit> <Opcode : 'select'> <InPorts = 3> <OutPorts = 1>
ST_2 : Operation 39 [1/1] (0.61ns)   --->   "%compter_6 = select i1 %icmp_ln125, i32 0, i32 %compter_5" [emitter.cpp:125->emitter.cpp:503]   --->   Operation 39 'select' 'compter_6' <Predicate = (!tmp)> <Delay = 0.61> <CoreInst = "Sel">   --->   Core 73 'Sel' <Latency = 0> <II = 1> <Delay = 0.61> <FuncUnit> <Opcode : 'select'> <InPorts = 3> <OutPorts = 1>
ST_2 : Operation 40 [1/1] (1.41ns)   --->   "%i_43 = add i9 %i_42, i9 511" [emitter.cpp:113->emitter.cpp:503]   --->   Operation 40 'add' 'i_43' <Predicate = (!tmp)> <Delay = 1.41> <CoreInst = "Adder">   --->   Core 1 'Adder' <Latency = 0> <II = 1> <Delay = 1.41> <FuncUnit> <Opcode : 'add' 'sub'> <InPorts = 2> <OutPorts = 1>
ST_2 : Operation 41 [1/1] (1.03ns)   --->   "%store_ln103 = store i32 %compter_6, i32 %compter" [emitter.cpp:103->emitter.cpp:503]   --->   Operation 41 'store' 'store_ln103' <Predicate = (!tmp)> <Delay = 1.03>
ST_2 : Operation 42 [1/1] (1.03ns)   --->   "%store_ln108 = store i32 %j_6, i32 %j" [emitter.cpp:108->emitter.cpp:503]   --->   Operation 42 'store' 'store_ln108' <Predicate = (!tmp)> <Delay = 1.03>
ST_2 : Operation 43 [1/1] (1.03ns)   --->   "%store_ln113 = store i9 %i_43, i9 %i" [emitter.cpp:113->emitter.cpp:503]   --->   Operation 43 'store' 'store_ln113' <Predicate = (!tmp)> <Delay = 1.03>
ST_2 : Operation 44 [1/1] (1.03ns)   --->   "%store_ln109 = store i8 %bits_stuffed_data_2, i8 %bits_stuffed_data" [emitter.cpp:109->emitter.cpp:503]   --->   Operation 44 'store' 'store_ln109' <Predicate = (!tmp)> <Delay = 1.03>
ST_2 : Operation 45 [1/1] (1.03ns)   --->   "%store_ln105 = store i178 %new_data_7, i178 %new_data" [emitter.cpp:105->emitter.cpp:503]   --->   Operation 45 'store' 'store_ln105' <Predicate = (!tmp)> <Delay = 1.03>
ST_2 : Operation 46 [1/1] (0.00ns)   --->   "%br_ln113 = br void %for.body.i" [emitter.cpp:113->emitter.cpp:503]   --->   Operation 46 'br' 'br_ln113' <Predicate = (!tmp)> <Delay = 0.00>
ST_2 : Operation 47 [1/1] (0.00ns)   --->   "%new_data_load = load i178 %new_data"   --->   Operation 47 'load' 'new_data_load' <Predicate = (tmp)> <Delay = 0.00>
ST_2 : Operation 48 [1/1] (0.00ns)   --->   "%bits_stuffed_data_load_1 = load i8 %bits_stuffed_data"   --->   Operation 48 'load' 'bits_stuffed_data_load_1' <Predicate = (tmp)> <Delay = 0.00>
ST_2 : Operation 49 [1/1] (0.00ns)   --->   "%compter_load_1 = load i32 %compter"   --->   Operation 49 'load' 'compter_load_1' <Predicate = (tmp)> <Delay = 0.00>
ST_2 : Operation 50 [1/1] (0.00ns)   --->   "%write_ln0 = write void @_ssdm_op_Write.ap_auto.i32P0A, i32 %compter_out, i32 %compter_load_1"   --->   Operation 50 'write' 'write_ln0' <Predicate = (tmp)> <Delay = 0.00>
ST_2 : Operation 51 [1/1] (0.00ns)   --->   "%write_ln0 = write void @_ssdm_op_Write.ap_auto.i8P0A, i8 %bits_stuffed_data_out, i8 %bits_stuffed_data_load_1"   --->   Operation 51 'write' 'write_ln0' <Predicate = (tmp)> <Delay = 0.00>
ST_2 : Operation 52 [1/1] (0.00ns)   --->   "%write_ln0 = write void @_ssdm_op_Write.ap_auto.i178P0A, i178 %new_data_out, i178 %new_data_load"   --->   Operation 52 'write' 'write_ln0' <Predicate = (tmp)> <Delay = 0.00>
ST_2 : Operation 53 [1/1] (0.00ns)   --->   "%ret_ln0 = ret"   --->   Operation 53 'ret' 'ret_ln0' <Predicate = (tmp)> <Delay = 0.00>


============================================================
+ Verbose Summary: Binding
============================================================
STG Binding: 
---------------- STG Properties BEGIN ----------------
- Is combinational: 0
- Is one-state seq: 0
- Is datapath-only: 0
- Is pipelined: 0
- Is top level: 0
Port [ Return ] is wired: 1; IO mode=ap_ctrl_hs:ce=0
Port [ data_load]:  wired=1; compound=0; hidden=0; nouse=0; global=0; static=0; extern=0; dir=0; type=0; pingpong=0; private_global=0; IO mode=ap_none:ce=0
Port [ compter_out]:  wired=1; compound=0; hidden=0; nouse=0; global=0; static=0; extern=0; dir=1; type=0; pingpong=0; private_global=0; IO mode=ap_vld:ce=0
Port [ bits_stuffed_data_out]:  wired=1; compound=0; hidden=0; nouse=0; global=0; static=0; extern=0; dir=1; type=0; pingpong=0; private_global=0; IO mode=ap_vld:ce=0
Port [ new_data_out]:  wired=1; compound=0; hidden=0; nouse=0; global=0; static=0; extern=0; dir=1; type=0; pingpong=0; private_global=0; IO mode=ap_vld:ce=0
---------------- STG Properties END ------------------

---------------- Datapath Model BEGIN ----------------

<LifeTime>
<method=bitvector/>
new_data                 (alloca           ) [ 011]
bits_stuffed_data        (alloca           ) [ 011]
i                        (alloca           ) [ 011]
j                        (alloca           ) [ 011]
compter                  (alloca           ) [ 011]
data_load_read           (read             ) [ 011]
store_ln103              (store            ) [ 000]
store_ln108              (store            ) [ 000]
store_ln113              (store            ) [ 000]
store_ln109              (store            ) [ 000]
store_ln105              (store            ) [ 000]
br_ln0                   (br               ) [ 000]
i_42                     (load             ) [ 000]
tmp                      (bitselect        ) [ 011]
br_ln113                 (br               ) [ 000]
new_data_load_3          (load             ) [ 000]
bits_stuffed_data_load   (load             ) [ 000]
j_load                   (load             ) [ 000]
compter_load             (load             ) [ 000]
zext_ln113               (zext             ) [ 000]
specpipeline_ln105       (specpipeline     ) [ 000]
speclooptripcount_ln105  (speclooptripcount) [ 000]
specloopname_ln113       (specloopname     ) [ 000]
bit_select_i_i_i         (bitselect        ) [ 000]
compter_4                (add              ) [ 000]
compter_5                (select           ) [ 000]
new_data_5               (bitset           ) [ 000]
j_4                      (add              ) [ 000]
icmp_ln125               (icmp             ) [ 000]
new_data_6               (bitset           ) [ 000]
bits_stuffed_data_1      (add              ) [ 000]
j_5                      (add              ) [ 000]
new_data_7               (select           ) [ 000]
bits_stuffed_data_2      (select           ) [ 000]
j_6                      (select           ) [ 000]
compter_6                (select           ) [ 000]
i_43                     (add              ) [ 000]
store_ln103              (store            ) [ 000]
store_ln108              (store            ) [ 000]
store_ln113              (store            ) [ 000]
store_ln109              (store            ) [ 000]
store_ln105              (store            ) [ 000]
br_ln113                 (br               ) [ 000]
new_data_load            (load             ) [ 000]
bits_stuffed_data_load_1 (load             ) [ 000]
compter_load_1           (load             ) [ 000]
write_ln0                (write            ) [ 000]
write_ln0                (write            ) [ 000]
write_ln0                (write            ) [ 000]
ret_ln0                  (ret              ) [ 000]
</LifeTime>

<model>

<comp_list>
<comp id="0" class="1000" name="data_load">
<pin_list>
<pin id="1" dir="1" index="0" bw="1" slack="0"/>
</pin_list>
<bind>
<StgValue><ssdm name="data_load"/></StgValue>
</bind>
</comp>

<comp id="2" class="1000" name="compter_out">
<pin_list>
<pin id="3" dir="1" index="0" bw="1" slack="0"/>
</pin_list>
<bind>
<StgValue><ssdm name="compter_out"/></StgValue>
</bind>
</comp>

<comp id="4" class="1000" name="bits_stuffed_data_out">
<pin_list>
<pin id="5" dir="1" index="0" bw="1" slack="0"/>
</pin_list>
<bind>
<StgValue><ssdm name="bits_stuffed_data_out"/></StgValue>
</bind>
</comp>

<comp id="6" class="1000" name="new_data_out">
<pin_list>
<pin id="7" dir="1" index="0" bw="1" slack="0"/>
</pin_list>
<bind>
<StgValue><ssdm name="new_data_out"/></StgValue>
</bind>
</comp>

<comp id="8" class="1001" name="const_8">
<pin_list>
<pin id="9" dir="1" index="0" bw="1" slack="0"/>
</pin_list>
<bind>
<StgValue><ssdm name=""/></StgValue>
</bind>
</comp>

<comp id="10" class="1001" name="const_10">
<pin_list>
<pin id="11" dir="1" index="0" bw="1" slack="0"/>
</pin_list>
<bind>
<StgValue><ssdm name="_ssdm_op_Read.ap_auto.i168"/></StgValue>
</bind>
</comp>

<comp id="12" class="1001" name="const_12">
<pin_list>
<pin id="13" dir="1" index="0" bw="1" slack="0"/>
</pin_list>
<bind>
<StgValue><ssdm name=""/></StgValue>
</bind>
</comp>

<comp id="14" class="1001" name="const_14">
<pin_list>
<pin id="15" dir="1" index="0" bw="1" slack="0"/>
</pin_list>
<bind>
<StgValue><ssdm name=""/></StgValue>
</bind>
</comp>

<comp id="16" class="1001" name="const_16">
<pin_list>
<pin id="17" dir="1" index="0" bw="1" slack="0"/>
</pin_list>
<bind>
<StgValue><ssdm name=""/></StgValue>
</bind>
</comp>

<comp id="18" class="1001" name="const_18">
<pin_list>
<pin id="19" dir="1" index="0" bw="1" slack="0"/>
</pin_list>
<bind>
<StgValue><ssdm name=""/></StgValue>
</bind>
</comp>

<comp id="20" class="1001" name="const_20">
<pin_list>
<pin id="21" dir="1" index="0" bw="1" slack="0"/>
</pin_list>
<bind>
<StgValue><ssdm name=""/></StgValue>
</bind>
</comp>

<comp id="22" class="1001" name="const_22">
<pin_list>
<pin id="23" dir="1" index="0" bw="1" slack="0"/>
</pin_list>
<bind>
<StgValue><ssdm name="_ssdm_op_BitSelect.i1.i9.i32"/></StgValue>
</bind>
</comp>

<comp id="24" class="1001" name="const_24">
<pin_list>
<pin id="25" dir="1" index="0" bw="1" slack="0"/>
</pin_list>
<bind>
<StgValue><ssdm name=""/></StgValue>
</bind>
</comp>

<comp id="26" class="1001" name="const_26">
<pin_list>
<pin id="27" dir="1" index="0" bw="1" slack="2147483647"/>
</pin_list>
<bind>
<StgValue><ssdm name="_ssdm_op_SpecPipeline"/></StgValue>
</bind>
</comp>

<comp id="28" class="1001" name="const_28">
<pin_list>
<pin id="29" dir="1" index="0" bw="1" slack="0"/>
</pin_list>
<bind>
<StgValue><ssdm name=""/></StgValue>
</bind>
</comp>

<comp id="30" class="1001" name="const_30">
<pin_list>
<pin id="31" dir="1" index="0" bw="1" slack="2147483647"/>
</pin_list>
<bind>
<StgValue><ssdm name="empty_8"/></StgValue>
</bind>
</comp>

<comp id="32" class="1001" name="const_32">
<pin_list>
<pin id="33" dir="1" index="0" bw="1" slack="2147483647"/>
</pin_list>
<bind>
<StgValue><ssdm name="_ssdm_op_SpecLoopTripCount"/></StgValue>
</bind>
</comp>

<comp id="34" class="1001" name="const_34">
<pin_list>
<pin id="35" dir="1" index="0" bw="1" slack="2147483647"/>
</pin_list>
<bind>
<StgValue><ssdm name=""/></StgValue>
</bind>
</comp>

<comp id="36" class="1001" name="const_36">
<pin_list>
<pin id="37" dir="1" index="0" bw="1" slack="2147483647"/>
</pin_list>
<bind>
<StgValue><ssdm name="_ssdm_op_SpecLoopName"/></StgValue>
</bind>
</comp>

<comp id="38" class="1001" name="const_38">
<pin_list>
<pin id="39" dir="1" index="0" bw="1" slack="2147483647"/>
</pin_list>
<bind>
<StgValue><ssdm name="empty_44"/></StgValue>
</bind>
</comp>

<comp id="40" class="1001" name="const_40">
<pin_list>
<pin id="41" dir="1" index="0" bw="1" slack="0"/>
</pin_list>
<bind>
<StgValue><ssdm name="_ssdm_op_BitSelect.i1.i168.i32"/></StgValue>
</bind>
</comp>

<comp id="42" class="1001" name="const_42">
<pin_list>
<pin id="43" dir="1" index="0" bw="1" slack="0"/>
</pin_list>
<bind>
<StgValue><ssdm name="_ssdm_op_BitSet.i178.i178.i32.i1"/></StgValue>
</bind>
</comp>

<comp id="44" class="1001" name="const_44">
<pin_list>
<pin id="45" dir="1" index="0" bw="1" slack="0"/>
</pin_list>
<bind>
<StgValue><ssdm name=""/></StgValue>
</bind>
</comp>

<comp id="46" class="1001" name="const_46">
<pin_list>
<pin id="47" dir="1" index="0" bw="1" slack="0"/>
</pin_list>
<bind>
<StgValue><ssdm name=""/></StgValue>
</bind>
</comp>

<comp id="48" class="1001" name="const_48">
<pin_list>
<pin id="49" dir="1" index="0" bw="1" slack="0"/>
</pin_list>
<bind>
<StgValue><ssdm name=""/></StgValue>
</bind>
</comp>

<comp id="50" class="1001" name="const_50">
<pin_list>
<pin id="51" dir="1" index="0" bw="1" slack="0"/>
</pin_list>
<bind>
<StgValue><ssdm name=""/></StgValue>
</bind>
</comp>

<comp id="52" class="1001" name="const_52">
<pin_list>
<pin id="53" dir="1" index="0" bw="1" slack="0"/>
</pin_list>
<bind>
<StgValue><ssdm name=""/></StgValue>
</bind>
</comp>

<comp id="54" class="1001" name="const_54">
<pin_list>
<pin id="55" dir="1" index="0" bw="1" slack="0"/>
</pin_list>
<bind>
<StgValue><ssdm name="_ssdm_op_Write.ap_auto.i32P0A"/></StgValue>
</bind>
</comp>

<comp id="56" class="1001" name="const_56">
<pin_list>
<pin id="57" dir="1" index="0" bw="1" slack="0"/>
</pin_list>
<bind>
<StgValue><ssdm name="_ssdm_op_Write.ap_auto.i8P0A"/></StgValue>
</bind>
</comp>

<comp id="58" class="1001" name="const_58">
<pin_list>
<pin id="59" dir="1" index="0" bw="1" slack="0"/>
</pin_list>
<bind>
<StgValue><ssdm name="_ssdm_op_Write.ap_auto.i178P0A"/></StgValue>
</bind>
</comp>

<comp id="60" class="1004" name="new_data_fu_60">
<pin_list>
<pin id="61" dir="0" index="0" bw="1" slack="0"/>
<pin id="62" dir="1" index="1" bw="178" slack="0"/>
</pin_list>
<bind>
<opcode="alloca(26) " fcode="alloca"/>
<opset="new_data/1 "/>
</bind>
</comp>

<comp id="64" class="1004" name="bits_stuffed_data_fu_64">
<pin_list>
<pin id="65" dir="0" index="0" bw="1" slack="0"/>
<pin id="66" dir="1" index="1" bw="8" slack="0"/>
</pin_list>
<bind>
<opcode="alloca(26) " fcode="alloca"/>
<opset="bits_stuffed_data/1 "/>
</bind>
</comp>

<comp id="68" class="1004" name="i_fu_68">
<pin_list>
<pin id="69" dir="0" index="0" bw="1" slack="0"/>
<pin id="70" dir="1" index="1" bw="9" slack="0"/>
</pin_list>
<bind>
<opcode="alloca(26) " fcode="alloca"/>
<opset="i/1 "/>
</bind>
</comp>

<comp id="72" class="1004" name="j_fu_72">
<pin_list>
<pin id="73" dir="0" index="0" bw="1" slack="0"/>
<pin id="74" dir="1" index="1" bw="32" slack="0"/>
</pin_list>
<bind>
<opcode="alloca(26) " fcode="alloca"/>
<opset="j/1 "/>
</bind>
</comp>

<comp id="76" class="1004" name="compter_fu_76">
<pin_list>
<pin id="77" dir="0" index="0" bw="1" slack="0"/>
<pin id="78" dir="1" index="1" bw="32" slack="0"/>
</pin_list>
<bind>
<opcode="alloca(26) " fcode="alloca"/>
<opset="compter/1 "/>
</bind>
</comp>

<comp id="80" class="1004" name="data_load_read_read_fu_80">
<pin_list>
<pin id="81" dir="0" index="0" bw="168" slack="0"/>
<pin id="82" dir="0" index="1" bw="168" slack="0"/>
<pin id="83" dir="1" index="2" bw="168" slack="1"/>
</pin_list>
<bind>
<opcode="read(1150) " fcode="read"/>
<opset="data_load_read/1 "/>
</bind>
</comp>

<comp id="86" class="1004" name="write_ln0_write_fu_86">
<pin_list>
<pin id="87" dir="0" index="0" bw="0" slack="0"/>
<pin id="88" dir="0" index="1" bw="32" slack="0"/>
<pin id="89" dir="0" index="2" bw="32" slack="0"/>
<pin id="90" dir="1" index="3" bw="0" slack="2147483647"/>
</pin_list>
<bind>
<opcode="write(1151) " fcode="write"/>
<opset="write_ln0/2 "/>
</bind>
</comp>

<comp id="93" class="1004" name="write_ln0_write_fu_93">
<pin_list>
<pin id="94" dir="0" index="0" bw="0" slack="0"/>
<pin id="95" dir="0" index="1" bw="8" slack="0"/>
<pin id="96" dir="0" index="2" bw="8" slack="0"/>
<pin id="97" dir="1" index="3" bw="0" slack="2147483647"/>
</pin_list>
<bind>
<opcode="write(1151) " fcode="write"/>
<opset="write_ln0/2 "/>
</bind>
</comp>

<comp id="100" class="1004" name="write_ln0_write_fu_100">
<pin_list>
<pin id="101" dir="0" index="0" bw="0" slack="0"/>
<pin id="102" dir="0" index="1" bw="178" slack="0"/>
<pin id="103" dir="0" index="2" bw="178" slack="0"/>
<pin id="104" dir="1" index="3" bw="0" slack="2147483647"/>
</pin_list>
<bind>
<opcode="write(1151) " fcode="write"/>
<opset="write_ln0/2 "/>
</bind>
</comp>

<comp id="107" class="1004" name="store_ln103_store_fu_107">
<pin_list>
<pin id="108" dir="0" index="0" bw="1" slack="0"/>
<pin id="109" dir="0" index="1" bw="32" slack="0"/>
<pin id="110" dir="1" index="2" bw="0" slack="2147483647"/>
</pin_list>
<bind>
<opcode="store(28) " fcode="store"/>
<opset="store_ln103/1 "/>
</bind>
</comp>

<comp id="112" class="1004" name="store_ln108_store_fu_112">
<pin_list>
<pin id="113" dir="0" index="0" bw="9" slack="0"/>
<pin id="114" dir="0" index="1" bw="32" slack="0"/>
<pin id="115" dir="1" index="2" bw="0" slack="2147483647"/>
</pin_list>
<bind>
<opcode="store(28) " fcode="store"/>
<opset="store_ln108/1 "/>
</bind>
</comp>

<comp id="117" class="1004" name="store_ln113_store_fu_117">
<pin_list>
<pin id="118" dir="0" index="0" bw="9" slack="0"/>
<pin id="119" dir="0" index="1" bw="9" slack="0"/>
<pin id="120" dir="1" index="2" bw="0" slack="2147483647"/>
</pin_list>
<bind>
<opcode="store(28) " fcode="store"/>
<opset="store_ln113/1 "/>
</bind>
</comp>

<comp id="122" class="1004" name="store_ln109_store_fu_122">
<pin_list>
<pin id="123" dir="0" index="0" bw="1" slack="0"/>
<pin id="124" dir="0" index="1" bw="8" slack="0"/>
<pin id="125" dir="1" index="2" bw="0" slack="2147483647"/>
</pin_list>
<bind>
<opcode="store(28) " fcode="store"/>
<opset="store_ln109/1 "/>
</bind>
</comp>

<comp id="127" class="1004" name="store_ln105_store_fu_127">
<pin_list>
<pin id="128" dir="0" index="0" bw="1" slack="0"/>
<pin id="129" dir="0" index="1" bw="178" slack="0"/>
<pin id="130" dir="1" index="2" bw="0" slack="2147483647"/>
</pin_list>
<bind>
<opcode="store(28) " fcode="store"/>
<opset="store_ln105/1 "/>
</bind>
</comp>

<comp id="132" class="1004" name="i_42_load_fu_132">
<pin_list>
<pin id="133" dir="0" index="0" bw="9" slack="1"/>
<pin id="134" dir="1" index="1" bw="9" slack="0"/>
</pin_list>
<bind>
<opcode="load(27) " fcode="load"/>
<opset="i_42/2 "/>
</bind>
</comp>

<comp id="135" class="1004" name="tmp_fu_135">
<pin_list>
<pin id="136" dir="0" index="0" bw="1" slack="0"/>
<pin id="137" dir="0" index="1" bw="9" slack="0"/>
<pin id="138" dir="0" index="2" bw="5" slack="0"/>
<pin id="139" dir="1" index="3" bw="1" slack="2147483647"/>
</pin_list>
<bind>
<opcode="bitselect(1000) " fcode="bitselect"/>
<opset="tmp/2 "/>
</bind>
</comp>

<comp id="143" class="1004" name="new_data_load_3_load_fu_143">
<pin_list>
<pin id="144" dir="0" index="0" bw="178" slack="1"/>
<pin id="145" dir="1" index="1" bw="178" slack="0"/>
</pin_list>
<bind>
<opcode="load(27) " fcode="load"/>
<opset="new_data_load_3/2 "/>
</bind>
</comp>

<comp id="146" class="1004" name="bits_stuffed_data_load_load_fu_146">
<pin_list>
<pin id="147" dir="0" index="0" bw="8" slack="1"/>
<pin id="148" dir="1" index="1" bw="8" slack="0"/>
</pin_list>
<bind>
<opcode="load(27) " fcode="load"/>
<opset="bits_stuffed_data_load/2 "/>
</bind>
</comp>

<comp id="149" class="1004" name="j_load_load_fu_149">
<pin_list>
<pin id="150" dir="0" index="0" bw="32" slack="1"/>
<pin id="151" dir="1" index="1" bw="32" slack="0"/>
</pin_list>
<bind>
<opcode="load(27) " fcode="load"/>
<opset="j_load/2 "/>
</bind>
</comp>

<comp id="152" class="1004" name="compter_load_load_fu_152">
<pin_list>
<pin id="153" dir="0" index="0" bw="32" slack="1"/>
<pin id="154" dir="1" index="1" bw="32" slack="0"/>
</pin_list>
<bind>
<opcode="load(27) " fcode="load"/>
<opset="compter_load/2 "/>
</bind>
</comp>

<comp id="155" class="1004" name="zext_ln113_fu_155">
<pin_list>
<pin id="156" dir="0" index="0" bw="9" slack="0"/>
<pin id="157" dir="1" index="1" bw="32" slack="0"/>
</pin_list>
<bind>
<opcode="zext(34) " fcode="zext"/>
<opset="zext_ln113/2 "/>
</bind>
</comp>

<comp id="159" class="1004" name="bit_select_i_i_i_fu_159">
<pin_list>
<pin id="160" dir="0" index="0" bw="1" slack="0"/>
<pin id="161" dir="0" index="1" bw="168" slack="1"/>
<pin id="162" dir="0" index="2" bw="9" slack="0"/>
<pin id="163" dir="1" index="3" bw="1" slack="0"/>
</pin_list>
<bind>
<opcode="bitselect(1000) " fcode="bitselect"/>
<opset="bit_select_i_i_i/2 "/>
</bind>
</comp>

<comp id="166" class="1004" name="compter_4_fu_166">
<pin_list>
<pin id="167" dir="0" index="0" bw="32" slack="0"/>
<pin id="168" dir="0" index="1" bw="1" slack="0"/>
<pin id="169" dir="1" index="2" bw="32" slack="0"/>
</pin_list>
<bind>
<opcode="add(8) " fcode="add"/>
<opset="compter_4/2 "/>
</bind>
</comp>

<comp id="172" class="1004" name="compter_5_fu_172">
<pin_list>
<pin id="173" dir="0" index="0" bw="1" slack="0"/>
<pin id="174" dir="0" index="1" bw="32" slack="0"/>
<pin id="175" dir="0" index="2" bw="1" slack="0"/>
<pin id="176" dir="1" index="3" bw="32" slack="0"/>
</pin_list>
<bind>
<opcode="select(49) " fcode="select"/>
<opset="compter_5/2 "/>
</bind>
</comp>

<comp id="180" class="1004" name="new_data_5_fu_180">
<pin_list>
<pin id="181" dir="0" index="0" bw="178" slack="0"/>
<pin id="182" dir="0" index="1" bw="178" slack="0"/>
<pin id="183" dir="0" index="2" bw="32" slack="0"/>
<pin id="184" dir="0" index="3" bw="1" slack="0"/>
<pin id="185" dir="1" index="4" bw="178" slack="0"/>
</pin_list>
<bind>
<opcode="bitset(1001) " fcode="bitset"/>
<opset="new_data_5/2 "/>
</bind>
</comp>

<comp id="190" class="1004" name="j_4_fu_190">
<pin_list>
<pin id="191" dir="0" index="0" bw="32" slack="0"/>
<pin id="192" dir="0" index="1" bw="1" slack="0"/>
<pin id="193" dir="1" index="2" bw="32" slack="0"/>
</pin_list>
<bind>
<opcode="add(8) " fcode="add"/>
<opset="j_4/2 "/>
</bind>
</comp>

<comp id="196" class="1004" name="icmp_ln125_fu_196">
<pin_list>
<pin id="197" dir="0" index="0" bw="32" slack="0"/>
<pin id="198" dir="0" index="1" bw="4" slack="0"/>
<pin id="199" dir="1" index="2" bw="1" slack="0"/>
</pin_list>
<bind>
<opcode="icmp(45) " fcode="icmp"/>
<opset="icmp_ln125/2 "/>
</bind>
</comp>

<comp id="202" class="1004" name="new_data_6_fu_202">
<pin_list>
<pin id="203" dir="0" index="0" bw="178" slack="0"/>
<pin id="204" dir="0" index="1" bw="178" slack="0"/>
<pin id="205" dir="0" index="2" bw="32" slack="0"/>
<pin id="206" dir="0" index="3" bw="1" slack="0"/>
<pin id="207" dir="1" index="4" bw="178" slack="0"/>
</pin_list>
<bind>
<opcode="bitset(1001) " fcode="bitset"/>
<opset="new_data_6/2 "/>
</bind>
</comp>

<comp id="212" class="1004" name="bits_stuffed_data_1_fu_212">
<pin_list>
<pin id="213" dir="0" index="0" bw="8" slack="0"/>
<pin id="214" dir="0" index="1" bw="1" slack="0"/>
<pin id="215" dir="1" index="2" bw="8" slack="0"/>
</pin_list>
<bind>
<opcode="add(8) " fcode="add"/>
<opset="bits_stuffed_data_1/2 "/>
</bind>
</comp>

<comp id="218" class="1004" name="j_5_fu_218">
<pin_list>
<pin id="219" dir="0" index="0" bw="32" slack="0"/>
<pin id="220" dir="0" index="1" bw="2" slack="0"/>
<pin id="221" dir="1" index="2" bw="32" slack="0"/>
</pin_list>
<bind>
<opcode="add(8) " fcode="add"/>
<opset="j_5/2 "/>
</bind>
</comp>

<comp id="224" class="1004" name="new_data_7_fu_224">
<pin_list>
<pin id="225" dir="0" index="0" bw="1" slack="0"/>
<pin id="226" dir="0" index="1" bw="178" slack="0"/>
<pin id="227" dir="0" index="2" bw="178" slack="0"/>
<pin id="228" dir="1" index="3" bw="178" slack="0"/>
</pin_list>
<bind>
<opcode="select(49) " fcode="select"/>
<opset="new_data_7/2 "/>
</bind>
</comp>

<comp id="232" class="1004" name="bits_stuffed_data_2_fu_232">
<pin_list>
<pin id="233" dir="0" index="0" bw="1" slack="0"/>
<pin id="234" dir="0" index="1" bw="8" slack="0"/>
<pin id="235" dir="0" index="2" bw="8" slack="0"/>
<pin id="236" dir="1" index="3" bw="8" slack="0"/>
</pin_list>
<bind>
<opcode="select(49) " fcode="select"/>
<opset="bits_stuffed_data_2/2 "/>
</bind>
</comp>

<comp id="240" class="1004" name="j_6_fu_240">
<pin_list>
<pin id="241" dir="0" index="0" bw="1" slack="0"/>
<pin id="242" dir="0" index="1" bw="32" slack="0"/>
<pin id="243" dir="0" index="2" bw="32" slack="0"/>
<pin id="244" dir="1" index="3" bw="32" slack="0"/>
</pin_list>
<bind>
<opcode="select(49) " fcode="select"/>
<opset="j_6/2 "/>
</bind>
</comp>

<comp id="248" class="1004" name="compter_6_fu_248">
<pin_list>
<pin id="249" dir="0" index="0" bw="1" slack="0"/>
<pin id="250" dir="0" index="1" bw="1" slack="0"/>
<pin id="251" dir="0" index="2" bw="32" slack="0"/>
<pin id="252" dir="1" index="3" bw="32" slack="0"/>
</pin_list>
<bind>
<opcode="select(49) " fcode="select"/>
<opset="compter_6/2 "/>
</bind>
</comp>

<comp id="256" class="1004" name="i_43_fu_256">
<pin_list>
<pin id="257" dir="0" index="0" bw="9" slack="0"/>
<pin id="258" dir="0" index="1" bw="1" slack="0"/>
<pin id="259" dir="1" index="2" bw="9" slack="0"/>
</pin_list>
<bind>
<opcode="add(8) " fcode="add"/>
<opset="i_43/2 "/>
</bind>
</comp>

<comp id="262" class="1004" name="store_ln103_store_fu_262">
<pin_list>
<pin id="263" dir="0" index="0" bw="32" slack="0"/>
<pin id="264" dir="0" index="1" bw="32" slack="1"/>
<pin id="265" dir="1" index="2" bw="0" slack="2147483647"/>
</pin_list>
<bind>
<opcode="store(28) " fcode="store"/>
<opset="store_ln103/2 "/>
</bind>
</comp>

<comp id="267" class="1004" name="store_ln108_store_fu_267">
<pin_list>
<pin id="268" dir="0" index="0" bw="32" slack="0"/>
<pin id="269" dir="0" index="1" bw="32" slack="1"/>
<pin id="270" dir="1" index="2" bw="0" slack="2147483647"/>
</pin_list>
<bind>
<opcode="store(28) " fcode="store"/>
<opset="store_ln108/2 "/>
</bind>
</comp>

<comp id="272" class="1004" name="store_ln113_store_fu_272">
<pin_list>
<pin id="273" dir="0" index="0" bw="9" slack="0"/>
<pin id="274" dir="0" index="1" bw="9" slack="1"/>
<pin id="275" dir="1" index="2" bw="0" slack="2147483647"/>
</pin_list>
<bind>
<opcode="store(28) " fcode="store"/>
<opset="store_ln113/2 "/>
</bind>
</comp>

<comp id="277" class="1004" name="store_ln109_store_fu_277">
<pin_list>
<pin id="278" dir="0" index="0" bw="8" slack="0"/>
<pin id="279" dir="0" index="1" bw="8" slack="1"/>
<pin id="280" dir="1" index="2" bw="0" slack="2147483647"/>
</pin_list>
<bind>
<opcode="store(28) " fcode="store"/>
<opset="store_ln109/2 "/>
</bind>
</comp>

<comp id="282" class="1004" name="store_ln105_store_fu_282">
<pin_list>
<pin id="283" dir="0" index="0" bw="178" slack="0"/>
<pin id="284" dir="0" index="1" bw="178" slack="1"/>
<pin id="285" dir="1" index="2" bw="0" slack="2147483647"/>
</pin_list>
<bind>
<opcode="store(28) " fcode="store"/>
<opset="store_ln105/2 "/>
</bind>
</comp>

<comp id="287" class="1004" name="new_data_load_load_fu_287">
<pin_list>
<pin id="288" dir="0" index="0" bw="178" slack="1"/>
<pin id="289" dir="1" index="1" bw="178" slack="0"/>
</pin_list>
<bind>
<opcode="load(27) " fcode="load"/>
<opset="new_data_load/2 "/>
</bind>
</comp>

<comp id="291" class="1004" name="bits_stuffed_data_load_1_load_fu_291">
<pin_list>
<pin id="292" dir="0" index="0" bw="8" slack="1"/>
<pin id="293" dir="1" index="1" bw="8" slack="0"/>
</pin_list>
<bind>
<opcode="load(27) " fcode="load"/>
<opset="bits_stuffed_data_load_1/2 "/>
</bind>
</comp>

<comp id="295" class="1004" name="compter_load_1_load_fu_295">
<pin_list>
<pin id="296" dir="0" index="0" bw="32" slack="1"/>
<pin id="297" dir="1" index="1" bw="32" slack="0"/>
</pin_list>
<bind>
<opcode="load(27) " fcode="load"/>
<opset="compter_load_1/2 "/>
</bind>
</comp>

<comp id="299" class="1005" name="new_data_reg_299">
<pin_list>
<pin id="300" dir="0" index="0" bw="178" slack="0"/>
<pin id="301" dir="1" index="1" bw="178" slack="0"/>
</pin_list>
<bind>
<opset="new_data "/>
</bind>
</comp>

<comp id="307" class="1005" name="bits_stuffed_data_reg_307">
<pin_list>
<pin id="308" dir="0" index="0" bw="8" slack="0"/>
<pin id="309" dir="1" index="1" bw="8" slack="0"/>
</pin_list>
<bind>
<opset="bits_stuffed_data "/>
</bind>
</comp>

<comp id="315" class="1005" name="i_reg_315">
<pin_list>
<pin id="316" dir="0" index="0" bw="9" slack="0"/>
<pin id="317" dir="1" index="1" bw="9" slack="0"/>
</pin_list>
<bind>
<opset="i "/>
</bind>
</comp>

<comp id="322" class="1005" name="j_reg_322">
<pin_list>
<pin id="323" dir="0" index="0" bw="32" slack="0"/>
<pin id="324" dir="1" index="1" bw="32" slack="0"/>
</pin_list>
<bind>
<opset="j "/>
</bind>
</comp>

<comp id="329" class="1005" name="compter_reg_329">
<pin_list>
<pin id="330" dir="0" index="0" bw="32" slack="0"/>
<pin id="331" dir="1" index="1" bw="32" slack="0"/>
</pin_list>
<bind>
<opset="compter "/>
</bind>
</comp>

<comp id="337" class="1005" name="data_load_read_reg_337">
<pin_list>
<pin id="338" dir="0" index="0" bw="168" slack="1"/>
<pin id="339" dir="1" index="1" bw="168" slack="1"/>
</pin_list>
<bind>
<opset="data_load_read "/>
</bind>
</comp>

</comp_list>

<net_list>
<net id="63"><net_src comp="8" pin="0"/><net_sink comp="60" pin=0"/></net>

<net id="67"><net_src comp="8" pin="0"/><net_sink comp="64" pin=0"/></net>

<net id="71"><net_src comp="8" pin="0"/><net_sink comp="68" pin=0"/></net>

<net id="75"><net_src comp="8" pin="0"/><net_sink comp="72" pin=0"/></net>

<net id="79"><net_src comp="8" pin="0"/><net_sink comp="76" pin=0"/></net>

<net id="84"><net_src comp="10" pin="0"/><net_sink comp="80" pin=0"/></net>

<net id="85"><net_src comp="0" pin="0"/><net_sink comp="80" pin=1"/></net>

<net id="91"><net_src comp="54" pin="0"/><net_sink comp="86" pin=0"/></net>

<net id="92"><net_src comp="2" pin="0"/><net_sink comp="86" pin=1"/></net>

<net id="98"><net_src comp="56" pin="0"/><net_sink comp="93" pin=0"/></net>

<net id="99"><net_src comp="4" pin="0"/><net_sink comp="93" pin=1"/></net>

<net id="105"><net_src comp="58" pin="0"/><net_sink comp="100" pin=0"/></net>

<net id="106"><net_src comp="6" pin="0"/><net_sink comp="100" pin=1"/></net>

<net id="111"><net_src comp="12" pin="0"/><net_sink comp="107" pin=0"/></net>

<net id="116"><net_src comp="14" pin="0"/><net_sink comp="112" pin=0"/></net>

<net id="121"><net_src comp="16" pin="0"/><net_sink comp="117" pin=0"/></net>

<net id="126"><net_src comp="18" pin="0"/><net_sink comp="122" pin=0"/></net>

<net id="131"><net_src comp="20" pin="0"/><net_sink comp="127" pin=0"/></net>

<net id="140"><net_src comp="22" pin="0"/><net_sink comp="135" pin=0"/></net>

<net id="141"><net_src comp="132" pin="1"/><net_sink comp="135" pin=1"/></net>

<net id="142"><net_src comp="24" pin="0"/><net_sink comp="135" pin=2"/></net>

<net id="158"><net_src comp="132" pin="1"/><net_sink comp="155" pin=0"/></net>

<net id="164"><net_src comp="40" pin="0"/><net_sink comp="159" pin=0"/></net>

<net id="165"><net_src comp="155" pin="1"/><net_sink comp="159" pin=2"/></net>

<net id="170"><net_src comp="152" pin="1"/><net_sink comp="166" pin=0"/></net>

<net id="171"><net_src comp="8" pin="0"/><net_sink comp="166" pin=1"/></net>

<net id="177"><net_src comp="159" pin="3"/><net_sink comp="172" pin=0"/></net>

<net id="178"><net_src comp="166" pin="2"/><net_sink comp="172" pin=1"/></net>

<net id="179"><net_src comp="12" pin="0"/><net_sink comp="172" pin=2"/></net>

<net id="186"><net_src comp="42" pin="0"/><net_sink comp="180" pin=0"/></net>

<net id="187"><net_src comp="143" pin="1"/><net_sink comp="180" pin=1"/></net>

<net id="188"><net_src comp="149" pin="1"/><net_sink comp="180" pin=2"/></net>

<net id="189"><net_src comp="159" pin="3"/><net_sink comp="180" pin=3"/></net>

<net id="194"><net_src comp="149" pin="1"/><net_sink comp="190" pin=0"/></net>

<net id="195"><net_src comp="28" pin="0"/><net_sink comp="190" pin=1"/></net>

<net id="200"><net_src comp="172" pin="3"/><net_sink comp="196" pin=0"/></net>

<net id="201"><net_src comp="44" pin="0"/><net_sink comp="196" pin=1"/></net>

<net id="208"><net_src comp="42" pin="0"/><net_sink comp="202" pin=0"/></net>

<net id="209"><net_src comp="180" pin="4"/><net_sink comp="202" pin=1"/></net>

<net id="210"><net_src comp="190" pin="2"/><net_sink comp="202" pin=2"/></net>

<net id="211"><net_src comp="46" pin="0"/><net_sink comp="202" pin=3"/></net>

<net id="216"><net_src comp="146" pin="1"/><net_sink comp="212" pin=0"/></net>

<net id="217"><net_src comp="48" pin="0"/><net_sink comp="212" pin=1"/></net>

<net id="222"><net_src comp="149" pin="1"/><net_sink comp="218" pin=0"/></net>

<net id="223"><net_src comp="50" pin="0"/><net_sink comp="218" pin=1"/></net>

<net id="229"><net_src comp="196" pin="2"/><net_sink comp="224" pin=0"/></net>

<net id="230"><net_src comp="202" pin="4"/><net_sink comp="224" pin=1"/></net>

<net id="231"><net_src comp="180" pin="4"/><net_sink comp="224" pin=2"/></net>

<net id="237"><net_src comp="196" pin="2"/><net_sink comp="232" pin=0"/></net>

<net id="238"><net_src comp="212" pin="2"/><net_sink comp="232" pin=1"/></net>

<net id="239"><net_src comp="146" pin="1"/><net_sink comp="232" pin=2"/></net>

<net id="245"><net_src comp="196" pin="2"/><net_sink comp="240" pin=0"/></net>

<net id="246"><net_src comp="218" pin="2"/><net_sink comp="240" pin=1"/></net>

<net id="247"><net_src comp="190" pin="2"/><net_sink comp="240" pin=2"/></net>

<net id="253"><net_src comp="196" pin="2"/><net_sink comp="248" pin=0"/></net>

<net id="254"><net_src comp="12" pin="0"/><net_sink comp="248" pin=1"/></net>

<net id="255"><net_src comp="172" pin="3"/><net_sink comp="248" pin=2"/></net>

<net id="260"><net_src comp="132" pin="1"/><net_sink comp="256" pin=0"/></net>

<net id="261"><net_src comp="52" pin="0"/><net_sink comp="256" pin=1"/></net>

<net id="266"><net_src comp="248" pin="3"/><net_sink comp="262" pin=0"/></net>

<net id="271"><net_src comp="240" pin="3"/><net_sink comp="267" pin=0"/></net>

<net id="276"><net_src comp="256" pin="2"/><net_sink comp="272" pin=0"/></net>

<net id="281"><net_src comp="232" pin="3"/><net_sink comp="277" pin=0"/></net>

<net id="286"><net_src comp="224" pin="3"/><net_sink comp="282" pin=0"/></net>

<net id="290"><net_src comp="287" pin="1"/><net_sink comp="100" pin=2"/></net>

<net id="294"><net_src comp="291" pin="1"/><net_sink comp="93" pin=2"/></net>

<net id="298"><net_src comp="295" pin="1"/><net_sink comp="86" pin=2"/></net>

<net id="302"><net_src comp="60" pin="1"/><net_sink comp="299" pin=0"/></net>

<net id="303"><net_src comp="299" pin="1"/><net_sink comp="127" pin=1"/></net>

<net id="304"><net_src comp="299" pin="1"/><net_sink comp="143" pin=0"/></net>

<net id="305"><net_src comp="299" pin="1"/><net_sink comp="282" pin=1"/></net>

<net id="306"><net_src comp="299" pin="1"/><net_sink comp="287" pin=0"/></net>

<net id="310"><net_src comp="64" pin="1"/><net_sink comp="307" pin=0"/></net>

<net id="311"><net_src comp="307" pin="1"/><net_sink comp="122" pin=1"/></net>

<net id="312"><net_src comp="307" pin="1"/><net_sink comp="146" pin=0"/></net>

<net id="313"><net_src comp="307" pin="1"/><net_sink comp="277" pin=1"/></net>

<net id="314"><net_src comp="307" pin="1"/><net_sink comp="291" pin=0"/></net>

<net id="318"><net_src comp="68" pin="1"/><net_sink comp="315" pin=0"/></net>

<net id="319"><net_src comp="315" pin="1"/><net_sink comp="117" pin=1"/></net>

<net id="320"><net_src comp="315" pin="1"/><net_sink comp="132" pin=0"/></net>

<net id="321"><net_src comp="315" pin="1"/><net_sink comp="272" pin=1"/></net>

<net id="325"><net_src comp="72" pin="1"/><net_sink comp="322" pin=0"/></net>

<net id="326"><net_src comp="322" pin="1"/><net_sink comp="112" pin=1"/></net>

<net id="327"><net_src comp="322" pin="1"/><net_sink comp="149" pin=0"/></net>

<net id="328"><net_src comp="322" pin="1"/><net_sink comp="267" pin=1"/></net>

<net id="332"><net_src comp="76" pin="1"/><net_sink comp="329" pin=0"/></net>

<net id="333"><net_src comp="329" pin="1"/><net_sink comp="107" pin=1"/></net>

<net id="334"><net_src comp="329" pin="1"/><net_sink comp="152" pin=0"/></net>

<net id="335"><net_src comp="329" pin="1"/><net_sink comp="262" pin=1"/></net>

<net id="336"><net_src comp="329" pin="1"/><net_sink comp="295" pin=0"/></net>

<net id="340"><net_src comp="80" pin="2"/><net_sink comp="337" pin=0"/></net>

<net id="341"><net_src comp="337" pin="1"/><net_sink comp="159" pin=1"/></net>

</net_list>

</model> 
---------------- Datapath Model END ------------------

* FSMD analyzer results:
  - Output states:
	Port: compter_out | {2 }
	Port: bits_stuffed_data_out | {2 }
	Port: new_data_out | {2 }
 - Input state : 
	Port: Bits_stuffing_Pipeline_VITIS_LOOP_113_1 : data_load | {1 }
  - Chain level:
	State 1
		store_ln103 : 1
		store_ln108 : 1
		store_ln113 : 1
		store_ln109 : 1
		store_ln105 : 1
	State 2
		tmp : 1
		br_ln113 : 2
		zext_ln113 : 1
		bit_select_i_i_i : 2
		compter_4 : 1
		compter_5 : 3
		new_data_5 : 3
		j_4 : 1
		icmp_ln125 : 4
		new_data_6 : 4
		bits_stuffed_data_1 : 1
		j_5 : 1
		new_data_7 : 5
		bits_stuffed_data_2 : 5
		j_6 : 5
		compter_6 : 5
		i_43 : 1
		store_ln103 : 6
		store_ln108 : 6
		store_ln113 : 2
		store_ln109 : 6
		store_ln105 : 6
		write_ln0 : 1
		write_ln0 : 1
		write_ln0 : 1


============================================================
+ Verbose Summary: Datapath Resource usage 
============================================================

* Functional unit list:
|----------|----------------------------|---------|---------|
| Operation|       Functional Unit      |    FF   |   LUT   |
|----------|----------------------------|---------|---------|
|          |      compter_5_fu_172      |    0    |    32   |
|          |      new_data_7_fu_224     |    0    |   178   |
|  select  | bits_stuffed_data_2_fu_232 |    0    |    8    |
|          |         j_6_fu_240         |    0    |    32   |
|          |      compter_6_fu_248      |    0    |    32   |
|----------|----------------------------|---------|---------|
|          |      compter_4_fu_166      |    0    |    39   |
|          |         j_4_fu_190         |    0    |    39   |
|    add   | bits_stuffed_data_1_fu_212 |    0    |    15   |
|          |         j_5_fu_218         |    0    |    39   |
|          |         i_43_fu_256        |    0    |    16   |
|----------|----------------------------|---------|---------|
|   icmp   |      icmp_ln125_fu_196     |    0    |    39   |
|----------|----------------------------|---------|---------|
|   read   |  data_load_read_read_fu_80 |    0    |    0    |
|----------|----------------------------|---------|---------|
|          |    write_ln0_write_fu_86   |    0    |    0    |
|   write  |    write_ln0_write_fu_93   |    0    |    0    |
|          |   write_ln0_write_fu_100   |    0    |    0    |
|----------|----------------------------|---------|---------|
| bitselect|         tmp_fu_135         |    0    |    0    |
|          |   bit_select_i_i_i_fu_159  |    0    |    0    |
|----------|----------------------------|---------|---------|
|   zext   |      zext_ln113_fu_155     |    0    |    0    |
|----------|----------------------------|---------|---------|
|  bitset  |      new_data_5_fu_180     |    0    |    0    |
|          |      new_data_6_fu_202     |    0    |    0    |
|----------|----------------------------|---------|---------|
|   Total  |                            |    0    |   469   |
|----------|----------------------------|---------|---------|

Memories:
N/A

* Register list:
+-------------------------+--------+
|                         |   FF   |
+-------------------------+--------+
|bits_stuffed_data_reg_307|    8   |
|     compter_reg_329     |   32   |
|  data_load_read_reg_337 |   168  |
|        i_reg_315        |    9   |
|        j_reg_322        |   32   |
|     new_data_reg_299    |   178  |
+-------------------------+--------+
|          Total          |   427  |
+-------------------------+--------+

* Multiplexer (MUX) list: 
|--------|------|------|------|--------|
|  Comp  |  Pin | Size |  BW  | S x BW |
|--------|------|------|------|--------|
|  Total |      |      |      |    0   |
|--------|------|------|------|--------|



* Summary:
+-----------+--------+--------+
|           |   FF   |   LUT  |
+-----------+--------+--------+
|  Function |    0   |   469  |
|   Memory  |    -   |    -   |
|Multiplexer|    -   |    -   |
|  Register |   427  |    -   |
+-----------+--------+--------+
|   Total   |   427  |   469  |
+-----------+--------+--------+
