

================================================================
== Vitis HLS Report for 'Compute_CRC_Pipeline_VITIS_LOOP_88_3'
================================================================
* Date:           Tue Dec 19 07:23:47 2023

* Version:        2023.2 (Build 4023990 on Oct 11 2023)
* Project:        FPGA_simulator_prj
* Solution:       solution1 (Vivado IP Flow Target)
* Product family: virtex7
* Target device:  xc7vx485t-ffg1157-1


================================================================
== Performance Estimates
================================================================
+ Timing: 
    * Summary: 
    +--------+----------+----------+------------+
    |  Clock |  Target  | Estimated| Uncertainty|
    +--------+----------+----------+------------+
    |ap_clk  |  10.00 ns|  3.446 ns|     2.70 ns|
    +--------+----------+----------+------------+

+ Latency: 
    * Summary: 
    +---------+---------+----------+----------+-----+-----+---------+
    |  Latency (cycles) |  Latency (absolute) |  Interval | Pipeline|
    |   min   |   max   |    min   |    max   | min | max |   Type  |
    +---------+---------+----------+----------+-----+-----+---------+
    |       18|       18|  0.180 us|  0.180 us|   18|   18|       no|
    +---------+---------+----------+----------+-----+-----+---------+

    + Detail: 
        * Instance: 
        N/A

        * Loop: 
        +-------------------+---------+---------+----------+-----------+-----------+------+----------+
        |                   |  Latency (cycles) | Iteration|  Initiation Interval  | Trip |          |
        |     Loop Name     |   min   |   max   |  Latency |  achieved |   target  | Count| Pipelined|
        +-------------------+---------+---------+----------+-----------+-----------+------+----------+
        |- VITIS_LOOP_88_3  |       16|       16|         1|          1|          1|    16|       yes|
        +-------------------+---------+---------+----------+-----------+-----------+------+----------+

============================================================
+ Verbose Summary: Synthesis Manager
============================================================
InlineROM: 1
ExposeGlobal: 0
============================================================
+ Verbose Summary: CDFG Model
============================================================
IsTopModel: 0
ResetActiveHigh: 1
IsCombinational: 0
IsDatapathOnly: 0
HasWiredReturn: 1
HasMFsm: 2
HasVarLatency: 1
IsPipeline: 0
IsRtlPipelined: 0
IsInstanceOverlapped: 0
IsDontTouch: 0
HasImplIP: 0
IsGatedGlobalClock: 0

+ Individual pipeline summary: 
  * Pipeline-0: initiation interval (II) = 1, depth = 1


============================================================
+ Verbose Summary: Schedule
============================================================
* Number of FSM states : 1
* Pipeline : 1
  Pipeline-0 : II = 1, D = 1, States = { 1 }
* Dataflow Pipeline: 0

* FSM state transitions: 
1 --> 

* FSM state operations: 

State 1 <SV = 0> <Delay = 3.44>
ST_1 : Operation 4 [1/1] (0.00ns)   --->   "%crc_tmp_reversed = alloca i32 1" [emitter.cpp:87->emitter.cpp:502]   --->   Operation 4 'alloca' 'crc_tmp_reversed' <Predicate = true> <Delay = 0.00>
ST_1 : Operation 5 [1/1] (0.00ns)   --->   "%i = alloca i32 1" [emitter.cpp:88->emitter.cpp:502]   --->   Operation 5 'alloca' 'i' <Predicate = true> <Delay = 0.00>
ST_1 : Operation 6 [1/1] (0.00ns)   --->   "%crc_tmp_read = read i16 @_ssdm_op_Read.ap_auto.i16, i16 %crc_tmp"   --->   Operation 6 'read' 'crc_tmp_read' <Predicate = true> <Delay = 0.00>
ST_1 : Operation 7 [1/1] (1.03ns)   --->   "%store_ln88 = store i5 0, i5 %i" [emitter.cpp:88->emitter.cpp:502]   --->   Operation 7 'store' 'store_ln88' <Predicate = true> <Delay = 1.03>
ST_1 : Operation 8 [1/1] (1.03ns)   --->   "%store_ln87 = store i16 0, i16 %crc_tmp_reversed" [emitter.cpp:87->emitter.cpp:502]   --->   Operation 8 'store' 'store_ln87' <Predicate = true> <Delay = 1.03>
ST_1 : Operation 9 [1/1] (0.00ns)   --->   "%br_ln0 = br void %for.inc75.i"   --->   Operation 9 'br' 'br_ln0' <Predicate = true> <Delay = 0.00>
ST_1 : Operation 10 [1/1] (0.00ns)   --->   "%i_23 = load i5 %i" [emitter.cpp:90->emitter.cpp:502]   --->   Operation 10 'load' 'i_23' <Predicate = true> <Delay = 0.00>
ST_1 : Operation 11 [1/1] (1.36ns)   --->   "%icmp_ln88 = icmp_eq  i5 %i_23, i5 16" [emitter.cpp:88->emitter.cpp:502]   --->   Operation 11 'icmp' 'icmp_ln88' <Predicate = true> <Delay = 1.36> <CoreInst = "Cmp">   --->   Core 9 'Cmp' <Latency = 0> <II = 1> <Delay = 1.36> <FuncUnit> <Opcode : 'icmp'> <InPorts = 2> <OutPorts = 1>
ST_1 : Operation 12 [1/1] (1.36ns)   --->   "%add_ln88 = add i5 %i_23, i5 1" [emitter.cpp:88->emitter.cpp:502]   --->   Operation 12 'add' 'add_ln88' <Predicate = true> <Delay = 1.36> <CoreInst = "Adder">   --->   Core 1 'Adder' <Latency = 0> <II = 1> <Delay = 1.36> <FuncUnit> <Opcode : 'add' 'sub'> <InPorts = 2> <OutPorts = 1>
ST_1 : Operation 13 [1/1] (0.00ns)   --->   "%br_ln88 = br i1 %icmp_ln88, void %for.inc75.split.i, void %for.inc141.i.preheader.exitStub" [emitter.cpp:88->emitter.cpp:502]   --->   Operation 13 'br' 'br_ln88' <Predicate = true> <Delay = 0.00>
ST_1 : Operation 14 [1/1] (0.00ns)   --->   "%crc_tmp_reversed_load_1 = load i16 %crc_tmp_reversed" [emitter.cpp:90->emitter.cpp:502]   --->   Operation 14 'load' 'crc_tmp_reversed_load_1' <Predicate = (!icmp_ln88)> <Delay = 0.00>
ST_1 : Operation 15 [1/1] (0.00ns)   --->   "%zext_ln88 = zext i5 %i_23" [emitter.cpp:88->emitter.cpp:502]   --->   Operation 15 'zext' 'zext_ln88' <Predicate = (!icmp_ln88)> <Delay = 0.00>
ST_1 : Operation 16 [1/1] (0.00ns)   --->   "%specpipeline_ln87 = specpipeline void @_ssdm_op_SpecPipeline, i32 4294967295, i32 0, i32 0, i32 0, void @empty_8" [emitter.cpp:87->emitter.cpp:502]   --->   Operation 16 'specpipeline' 'specpipeline_ln87' <Predicate = (!icmp_ln88)> <Delay = 0.00>
ST_1 : Operation 17 [1/1] (0.00ns)   --->   "%speclooptripcount_ln87 = speclooptripcount void @_ssdm_op_SpecLoopTripCount, i64 16, i64 16, i64 16" [emitter.cpp:87->emitter.cpp:502]   --->   Operation 17 'speclooptripcount' 'speclooptripcount_ln87' <Predicate = (!icmp_ln88)> <Delay = 0.00>
ST_1 : Operation 18 [1/1] (0.00ns)   --->   "%specloopname_ln88 = specloopname void @_ssdm_op_SpecLoopName, void @empty_16" [emitter.cpp:88->emitter.cpp:502]   --->   Operation 18 'specloopname' 'specloopname_ln88' <Predicate = (!icmp_ln88)> <Delay = 0.00>
ST_1 : Operation 19 [1/1] (0.00ns)   --->   "%trunc_ln90 = trunc i5 %i_23" [emitter.cpp:90->emitter.cpp:502]   --->   Operation 19 'trunc' 'trunc_ln90' <Predicate = (!icmp_ln88)> <Delay = 0.00>
ST_1 : Operation 20 [1/1] (0.60ns)   --->   "%xor_ln90 = xor i4 %trunc_ln90, i4 15" [emitter.cpp:90->emitter.cpp:502]   --->   Operation 20 'xor' 'xor_ln90' <Predicate = (!icmp_ln88)> <Delay = 0.60> <CoreInst = "LogicGate">   --->   Core 74 'LogicGate' <Latency = 0> <II = 1> <Delay = 0.60> <FuncUnit> <Opcode : 'and' 'or' 'xor'> <InPorts = 2> <OutPorts = 1>
ST_1 : Operation 21 [1/1] (0.00ns)   --->   "%zext_ln90 = zext i4 %xor_ln90" [emitter.cpp:90->emitter.cpp:502]   --->   Operation 21 'zext' 'zext_ln90' <Predicate = (!icmp_ln88)> <Delay = 0.00>
ST_1 : Operation 22 [1/1] (0.00ns)   --->   "%bit_select_i_i_i = bitselect i1 @_ssdm_op_BitSelect.i1.i16.i16, i16 %crc_tmp_read, i16 %zext_ln90" [emitter.cpp:90->emitter.cpp:502]   --->   Operation 22 'bitselect' 'bit_select_i_i_i' <Predicate = (!icmp_ln88)> <Delay = 0.00>
ST_1 : Operation 23 [1/1] (0.00ns)   --->   "%crc_tmp_reversed_1 = bitset i16 @_ssdm_op_BitSet.i16.i16.i32.i1, i16 %crc_tmp_reversed_load_1, i32 %zext_ln88, i1 %bit_select_i_i_i" [emitter.cpp:90->emitter.cpp:502]   --->   Operation 23 'bitset' 'crc_tmp_reversed_1' <Predicate = (!icmp_ln88)> <Delay = 0.00>
ST_1 : Operation 24 [1/1] (1.03ns)   --->   "%store_ln88 = store i5 %add_ln88, i5 %i" [emitter.cpp:88->emitter.cpp:502]   --->   Operation 24 'store' 'store_ln88' <Predicate = (!icmp_ln88)> <Delay = 1.03>
ST_1 : Operation 25 [1/1] (1.03ns)   --->   "%store_ln87 = store i16 %crc_tmp_reversed_1, i16 %crc_tmp_reversed" [emitter.cpp:87->emitter.cpp:502]   --->   Operation 25 'store' 'store_ln87' <Predicate = (!icmp_ln88)> <Delay = 1.03>
ST_1 : Operation 26 [1/1] (0.00ns)   --->   "%br_ln88 = br void %for.inc75.i" [emitter.cpp:88->emitter.cpp:502]   --->   Operation 26 'br' 'br_ln88' <Predicate = (!icmp_ln88)> <Delay = 0.00>
ST_1 : Operation 27 [1/1] (0.00ns)   --->   "%crc_tmp_reversed_load = load i16 %crc_tmp_reversed"   --->   Operation 27 'load' 'crc_tmp_reversed_load' <Predicate = (icmp_ln88)> <Delay = 0.00>
ST_1 : Operation 28 [1/1] (0.00ns)   --->   "%write_ln0 = write void @_ssdm_op_Write.ap_auto.i16P0A, i16 %crc_tmp_reversed_out, i16 %crc_tmp_reversed_load"   --->   Operation 28 'write' 'write_ln0' <Predicate = (icmp_ln88)> <Delay = 0.00>
ST_1 : Operation 29 [1/1] (0.00ns)   --->   "%ret_ln0 = ret"   --->   Operation 29 'ret' 'ret_ln0' <Predicate = (icmp_ln88)> <Delay = 0.00>


============================================================
+ Verbose Summary: Timing violations
============================================================
Target clock period: 10.000ns, clock uncertainty: 2.700ns.

 <State 1>: 3.446ns
The critical path consists of the following:
	'store' operation 0 bit ('store_ln88', emitter.cpp:88->emitter.cpp:502) of constant 0 on local variable 'i', emitter.cpp:88->emitter.cpp:502 [6]  (1.038 ns)
	'load' operation 5 bit ('i', emitter.cpp:90->emitter.cpp:502) on local variable 'i', emitter.cpp:88->emitter.cpp:502 [10]  (0.000 ns)
	'icmp' operation 1 bit ('icmp_ln88', emitter.cpp:88->emitter.cpp:502) [11]  (1.370 ns)
	'store' operation 0 bit ('store_ln88', emitter.cpp:88->emitter.cpp:502) of variable 'add_ln88', emitter.cpp:88->emitter.cpp:502 on local variable 'i', emitter.cpp:88->emitter.cpp:502 [25]  (1.038 ns)


============================================================
+ Verbose Summary: Binding
============================================================
N/A
* FSMD analyzer results:
  - Output states:
 - Input state : 
  - Chain level:
	State 1


============================================================
+ Verbose Summary: Datapath Resource usage 
============================================================
N/A
