/home/louart/Bureau/these/code_pour_jcll/FPGA_simulator_prj/solution1/csynth.tcl:22:9: warning: HLS pragma dump _XLX_SEP_ PragmaIsValid=1_XLX_SEP_ PragmaType=top_XLX_SEP_ PragmaContext=directive_XLX_SEP_ PragmaFunction=FPGA_simulator_XLX_SEP_ PragmaOptions=name=FPGA_simulator_XLX_SEP_ [-Wdump-hls-pragmas]
#pragma HLSDIRECTIVE TOP name=FPGA_simulator
        ^
FPGA_simulator.cpp:7:9: warning: HLS pragma dump _XLX_SEP_ PragmaIsValid=1_XLX_SEP_ PragmaType=interface_XLX_SEP_ PragmaContext=_XLX_SEP_ PragmaFunction=FPGA_simulator_XLX_SEP_ PragmaOptions=axis port=dynamic_information_init_strm_XLX_SEP_ [-Wdump-hls-pragmas]
#pragma HLS INTERFACE axis port=dynamic_information_init_strm
        ^
FPGA_simulator.cpp:8:9: warning: HLS pragma dump _XLX_SEP_ PragmaIsValid=1_XLX_SEP_ PragmaType=interface_XLX_SEP_ PragmaContext=_XLX_SEP_ PragmaFunction=FPGA_simulator_XLX_SEP_ PragmaOptions=axis port=falsification_information_strm_XLX_SEP_ [-Wdump-hls-pragmas]
#pragma HLS INTERFACE axis port=falsification_information_strm
        ^
FPGA_simulator.cpp:9:9: warning: HLS pragma dump _XLX_SEP_ PragmaIsValid=1_XLX_SEP_ PragmaType=interface_XLX_SEP_ PragmaContext=_XLX_SEP_ PragmaFunction=FPGA_simulator_XLX_SEP_ PragmaOptions=axis port=static_information_strm_XLX_SEP_ [-Wdump-hls-pragmas]
#pragma HLS INTERFACE axis port=static_information_strm
        ^
FPGA_simulator.cpp:10:9: warning: HLS pragma dump _XLX_SEP_ PragmaIsValid=1_XLX_SEP_ PragmaType=interface_XLX_SEP_ PragmaContext=_XLX_SEP_ PragmaFunction=FPGA_simulator_XLX_SEP_ PragmaOptions=axis port=start_e_XLX_SEP_ [-Wdump-hls-pragmas]
#pragma HLS INTERFACE axis port=start_e
        ^
FPGA_simulator.cpp:11:9: warning: HLS pragma dump _XLX_SEP_ PragmaIsValid=1_XLX_SEP_ PragmaType=interface_XLX_SEP_ PragmaContext=_XLX_SEP_ PragmaFunction=FPGA_simulator_XLX_SEP_ PragmaOptions=axis port=data_obs_strm_XLX_SEP_ [-Wdump-hls-pragmas]
#pragma HLS INTERFACE axis port=data_obs_strm
        ^
FPGA_simulator.cpp:12:9: warning: HLS pragma dump _XLX_SEP_ PragmaIsValid=1_XLX_SEP_ PragmaType=interface_XLX_SEP_ PragmaContext=_XLX_SEP_ PragmaFunction=FPGA_simulator_XLX_SEP_ PragmaOptions=axis port=snr_strm_XLX_SEP_ [-Wdump-hls-pragmas]
#pragma HLS INTERFACE axis port=snr_strm
        ^
FPGA_simulator.cpp:13:9: warning: HLS pragma dump _XLX_SEP_ PragmaIsValid=1_XLX_SEP_ PragmaType=interface_XLX_SEP_ PragmaContext=_XLX_SEP_ PragmaFunction=FPGA_simulator_XLX_SEP_ PragmaOptions=axis port=f_shift_strm_XLX_SEP_ [-Wdump-hls-pragmas]
#pragma HLS INTERFACE axis port=f_shift_strm
        ^
FPGA_simulator.cpp:14:9: warning: HLS pragma dump _XLX_SEP_ PragmaIsValid=1_XLX_SEP_ PragmaType=interface_XLX_SEP_ PragmaContext=_XLX_SEP_ PragmaFunction=FPGA_simulator_XLX_SEP_ PragmaOptions=axis port=I_obs_strm_e_XLX_SEP_ [-Wdump-hls-pragmas]
#pragma HLS INTERFACE axis port=I_obs_strm_e
        ^
FPGA_simulator.cpp:15:9: warning: HLS pragma dump _XLX_SEP_ PragmaIsValid=1_XLX_SEP_ PragmaType=interface_XLX_SEP_ PragmaContext=_XLX_SEP_ PragmaFunction=FPGA_simulator_XLX_SEP_ PragmaOptions=axis port=Q_obs_strm_e_XLX_SEP_ [-Wdump-hls-pragmas]
#pragma HLS INTERFACE axis port=Q_obs_strm_e
        ^
FPGA_simulator.cpp:16:9: warning: HLS pragma dump _XLX_SEP_ PragmaIsValid=1_XLX_SEP_ PragmaType=interface_XLX_SEP_ PragmaContext=_XLX_SEP_ PragmaFunction=FPGA_simulator_XLX_SEP_ PragmaOptions=axis port=I_obs_strm_c_XLX_SEP_ [-Wdump-hls-pragmas]
#pragma HLS INTERFACE axis port=I_obs_strm_c
        ^
FPGA_simulator.cpp:17:9: warning: HLS pragma dump _XLX_SEP_ PragmaIsValid=1_XLX_SEP_ PragmaType=interface_XLX_SEP_ PragmaContext=_XLX_SEP_ PragmaFunction=FPGA_simulator_XLX_SEP_ PragmaOptions=axis port=Q_obs_strm_c_XLX_SEP_ [-Wdump-hls-pragmas]
#pragma HLS INTERFACE axis port=Q_obs_strm_c
        ^
FPGA_simulator.cpp:18:9: warning: HLS pragma dump _XLX_SEP_ PragmaIsValid=1_XLX_SEP_ PragmaType=interface_XLX_SEP_ PragmaContext=_XLX_SEP_ PragmaFunction=FPGA_simulator_XLX_SEP_ PragmaOptions=axis port=longitude_strm_out_XLX_SEP_ [-Wdump-hls-pragmas]
#pragma HLS INTERFACE axis port=longitude_strm_out
        ^
FPGA_simulator.cpp:19:9: warning: HLS pragma dump _XLX_SEP_ PragmaIsValid=1_XLX_SEP_ PragmaType=interface_XLX_SEP_ PragmaContext=_XLX_SEP_ PragmaFunction=FPGA_simulator_XLX_SEP_ PragmaOptions=axis port=latitude_strm_out_XLX_SEP_ [-Wdump-hls-pragmas]
#pragma HLS INTERFACE axis port=latitude_strm_out
        ^
FPGA_simulator.cpp:20:9: warning: HLS pragma dump _XLX_SEP_ PragmaIsValid=1_XLX_SEP_ PragmaType=interface_XLX_SEP_ PragmaContext=_XLX_SEP_ PragmaFunction=FPGA_simulator_XLX_SEP_ PragmaOptions=axis port=data_out_strm_XLX_SEP_ [-Wdump-hls-pragmas]
#pragma HLS INTERFACE axis port=data_out_strm
        ^
FPGA_simulator.cpp:22:9: warning: HLS pragma dump _XLX_SEP_ PragmaIsValid=1_XLX_SEP_ PragmaType=dataflow_XLX_SEP_ PragmaContext=_XLX_SEP_ PragmaFunction=FPGA_simulator_XLX_SEP_ PragmaOptions=_XLX_SEP_ [-Wdump-hls-pragmas]
#pragma HLS dataflow
        ^
16 warnings generated.
