/home/louart/Bureau/these/code_pour_jcll/FPGA_simulator_prj/solution1/.autopilot/db/piloting.pp.0.cpp:1330:7: warning: Added loop label VITIS_LOOP_1207_1:   [xilinx-label-all-loops]
      for (i = 0; i < __N - 1; ++i) {
      ^~~
      VITIS_LOOP_1207_1: 
/home/louart/Bureau/these/code_pour_jcll/FPGA_simulator_prj/solution1/.autopilot/db/piloting.pp.0.cpp:1330:7: note: FIX-IT applied suggested code changes
/home/louart/Bureau/these/code_pour_jcll/FPGA_simulator_prj/solution1/.autopilot/db/piloting.pp.0.cpp:2304:5: warning: Added loop label VITIS_LOOP_676_1:   [xilinx-label-all-loops]
    for (unsigned i = low; i != high; ++i) {
    ^~~
    VITIS_LOOP_676_1: 
/home/louart/Bureau/these/code_pour_jcll/FPGA_simulator_prj/solution1/.autopilot/db/piloting.pp.0.cpp:2304:5: note: FIX-IT applied suggested code changes
/home/louart/Bureau/these/code_pour_jcll/FPGA_simulator_prj/solution1/.autopilot/db/piloting.pp.0.cpp:2318:5: warning: Added loop label VITIS_LOOP_690_1:   [xilinx-label-all-loops]
    for (unsigned i = low; i != high; ++i) {
    ^~~
    VITIS_LOOP_690_1: 
/home/louart/Bureau/these/code_pour_jcll/FPGA_simulator_prj/solution1/.autopilot/db/piloting.pp.0.cpp:2318:5: note: FIX-IT applied suggested code changes
/home/louart/Bureau/these/code_pour_jcll/FPGA_simulator_prj/solution1/.autopilot/db/piloting.pp.0.cpp:2332:5: warning: Added loop label VITIS_LOOP_704_1:   [xilinx-label-all-loops]
    for (unsigned i = low; i != high; ++i) {
    ^~~
    VITIS_LOOP_704_1: 
/home/louart/Bureau/these/code_pour_jcll/FPGA_simulator_prj/solution1/.autopilot/db/piloting.pp.0.cpp:2332:5: note: FIX-IT applied suggested code changes
/home/louart/Bureau/these/code_pour_jcll/FPGA_simulator_prj/solution1/.autopilot/db/piloting.pp.0.cpp:3949:7: warning: Added loop label VITIS_LOOP_1247_1:   [xilinx-label-all-loops]
      for (i = 0; i < __N - 1; ++i) {
      ^~~
      VITIS_LOOP_1247_1: 
/home/louart/Bureau/these/code_pour_jcll/FPGA_simulator_prj/solution1/.autopilot/db/piloting.pp.0.cpp:3949:7: note: FIX-IT applied suggested code changes
/home/louart/Bureau/these/code_pour_jcll/FPGA_simulator_prj/solution1/.autopilot/db/piloting.pp.0.cpp:50359:2: warning: Added loop label VITIS_LOOP_324_1:   [xilinx-label-all-loops]
 for (int j=1;j<16;j++)
 ^~~
 VITIS_LOOP_324_1: 
/home/louart/Bureau/these/code_pour_jcll/FPGA_simulator_prj/solution1/.autopilot/db/piloting.pp.0.cpp:50359:2: note: FIX-IT applied suggested code changes
